\BOOKMARK [1][-]{section.1}{Summary}{}% 1
\BOOKMARK [1][-]{section.2}{Acknowledgements}{}% 2
\BOOKMARK [1][-]{section.3}{Introduction}{}% 3
\BOOKMARK [1][-]{section.4}{Theoretical Basis}{}% 4
\BOOKMARK [2][-]{subsection.4.1}{Simulation Methods}{section.4}% 5
\BOOKMARK [3][-]{subsubsection.4.1.1}{Molecular Dynamics simulation}{subsection.4.1}% 6
\BOOKMARK [3][-]{subsubsection.4.1.2}{Monte Carlo simulation}{subsection.4.1}% 7
\BOOKMARK [2][-]{subsection.4.2}{Software Description}{section.4}% 8
\BOOKMARK [3][-]{subsubsection.4.2.1}{About GROMACS}{subsection.4.2}% 9
\BOOKMARK [3][-]{subsubsection.4.2.2}{About MagiC}{subsection.4.2}% 10
\BOOKMARK [1][-]{section.5}{Methods Description}{}% 11
\BOOKMARK [2][-]{subsection.5.1}{GROMACS All-Atom simulations}{section.5}% 12
\BOOKMARK [2][-]{subsection.5.2}{Experiment 1: Model Creation}{section.5}% 13
\BOOKMARK [2][-]{subsection.5.3}{Experiment 2: Concentration Analysis}{section.5}% 14
\BOOKMARK [1][-]{section.6}{Results and Discussion}{}% 15
\BOOKMARK [2][-]{subsection.6.1}{GROMACS simulations}{section.6}% 16
\BOOKMARK [2][-]{subsection.6.2}{Experiment 1: Model Creation}{section.6}% 17
\BOOKMARK [3][-]{subsubsection.6.2.1}{Convergence Analysis}{subsection.6.2}% 18
\BOOKMARK [3][-]{subsubsection.6.2.2}{Reproduction Tests}{subsection.6.2}% 19
\BOOKMARK [3][-]{subsubsection.6.2.3}{System up-scaling}{subsection.6.2}% 20
\BOOKMARK [2][-]{subsection.6.3}{Experiment 2: Concentration Analysis}{section.6}% 21
\BOOKMARK [3][-]{subsubsection.6.3.1}{Systematic Replication}{subsection.6.3}% 22
\BOOKMARK [3][-]{subsubsection.6.3.2}{Potential Comparison}{subsection.6.3}% 23
\BOOKMARK [3][-]{subsubsection.6.3.3}{Interchangeability Test }{subsection.6.3}% 24
\BOOKMARK [1][-]{section.7}{Conclusion}{}% 25
\BOOKMARK [1][-]{section.8}{Nomenclature}{}% 26
\BOOKMARK [1][-]{section.9}{References}{}% 27
\BOOKMARK [1][-]{section.10}{Appendix}{}% 28
